<?xml version="1.0" encoding="UTF-8"?>
<testsuite name="com.n2.TestVanEck" tests="8" skipped="0" failures="0" errors="0" timestamp="2020-05-19T18:53:03" hostname="Rajeshs-MBP.broadband" time="0.009">
  <properties/>
  <testcase name="testFindDistanceForNineDigitSequence()" classname="com.n2.TestVanEck" time="0.001"/>
  <testcase name="testFindDistanceForNewNumber()" classname="com.n2.TestVanEck" time="0.001"/>
  <testcase name="testFindDistanceForSequenceLessThan2()" classname="com.n2.TestVanEck" time="0.001"/>
  <testcase name="testFindDistanceForFiveDigitSequence()" classname="com.n2.TestVanEck" time="0.001"/>
  <testcase name="testFindDistanceForSixDigitSequence()" classname="com.n2.TestVanEck" time="0.001"/>
  <testcase name="testFindDistanceForEightDigitSequence()" classname="com.n2.TestVanEck" time="0.002"/>
  <testcase name="testFindDistanceForSevenDigitSequence()" classname="com.n2.TestVanEck" time="0.001"/>
  <testcase name="testFindDistanceForSmallSequence()" classname="com.n2.TestVanEck" time="0.0"/>
  <system-out><![CDATA[]]></system-out>
  <system-err><![CDATA[]]></system-err>
</testsuite>
