<?xml version="1.0" encoding="UTF-8"?>
<testsuite name="com.n2.TestPrime" tests="1" skipped="0" failures="0" errors="0" timestamp="2020-05-19T18:53:03" hostname="Rajeshs-MBP.broadband" time="0.006">
  <properties/>
  <testcase name="testPrime20()" classname="com.n2.TestPrime" time="0.006"/>
  <system-out><![CDATA[]]></system-out>
  <system-err><![CDATA[]]></system-err>
</testsuite>
